<?xml version="1.0" encoding="UTF-8"?>
<!-- Generated by org.testng.reporters.JUnitReportReporter -->
<testsuite hostname="Shivakumar-Lap" failures="0" tests="1" name="com.crm.Autodesk.Organization.Test.CreateOrganizationWithContactTest" time="50.953" errors="0" timestamp="2021-12-28T20:50:22 IST" skipped="0">
  <testcase classname="com.crm.Autodesk.Organization.Test.CreateOrganizationWithContactTest" name="CreateOrganizationWithContactTest" time="50.953"/>
  <system-out/>
</testsuite> <!-- com.crm.Autodesk.Organization.Test.CreateOrganizationWithContactTest -->
