<?xml version="1.0" encoding="UTF-8"?>
<!-- Generated by org.testng.reporters.JUnitReportReporter -->
<testsuite hostname="Shivakumar-Lap" failures="0" tests="1" name="com.crm.Autodesk.Contacts.Test.CreateContactWithOrgDeleteOrgTest" time="37.722" errors="0" timestamp="2021-12-28T20:54:54 IST" skipped="0">
  <testcase classname="com.crm.Autodesk.Contacts.Test.CreateContactWithOrgDeleteOrgTest" name="CreateContactWithOrgDeleteOrgTest" time="37.722"/>
  <system-out/>
</testsuite> <!-- com.crm.Autodesk.Contacts.Test.CreateContactWithOrgDeleteOrgTest -->
