<?xml version="1.0" encoding="UTF-8"?>
<!-- Generated by org.testng.reporters.JUnitReportReporter -->
<testsuite hostname="Shivakumar-Lap" failures="0" tests="3" name="practice.DataProviderPracticeTest" time="0.016" errors="0" timestamp="2021-12-24T10:02:57 IST" skipped="0">
  <testcase classname="practice.DataProviderPracticeTest" name="readDataFromDataProviderTest" time="0.002"/>
  <system-out/>
  <testcase classname="practice.DataProviderPracticeTest" name="readDataFromDataProviderTest" time="0.002"/>
  <system-out/>
  <testcase classname="practice.DataProviderPracticeTest" name="readDataFromDataProviderTest" time="0.012"/>
  <system-out/>
</testsuite> <!-- practice.DataProviderPracticeTest -->
